<?xml version="1.0" encoding="UTF-8"?>
<!-- Generated by org.testng.reporters.JUnitReportReporter -->
<testsuite hostname="Ajith" failures="0" tests="1" name="sampleRun.SampleAPIClass" time="3.288" errors="0" timestamp="2024-03-19T13:30:17 IST" skipped="0">
  <testcase classname="sampleRun.SampleAPIClass" name="sample" time="3.288"/>
  <system-out/>
</testsuite> <!-- sampleRun.SampleAPIClass -->
